<?xml version="1.0" encoding="UTF-8"?>
<!-- Generated by org.testng.reporters.JUnitReportReporter -->
<testsuite skipped="0" hostname="ip-172-31-22-251" name="Test.LoanTest" tests="3" failures="0" timestamp="2022-09-13T15:24:52 UTC" time="0.004" errors="0">
  <testcase name="sbc" time="0.001" classname="Test.LoanTest"/>
  <system-out/>
  <testcase name="sbcc" time="0.001" classname="Test.LoanTest"/>
  <system-out/>
  <testcase name="axis" time="0.002" classname="Test.LoanTest"/>
  <system-out/>
</testsuite> <!-- Test.LoanTest -->
