<?xml version="1.0" encoding="UTF-8"?>
<!-- Generated by org.testng.reporters.JUnitReportReporter -->
<testsuite skipped="0" hostname="ip-172-31-22-251" name="Test.lOgin" tests="3" failures="0" timestamp="2022-09-13T15:24:52 UTC" time="7.012" errors="0">
  <testcase name="login" time="3.797" classname="Test.lOgin"/>
  <system-out/>
  <testcase name="username" time="1.595" classname="Test.lOgin"/>
  <system-out/>
  <testcase name="upassword" time="1.620" classname="Test.lOgin"/>
  <system-out/>
</testsuite> <!-- Test.lOgin -->
